#
# There is insufficient memory for the Java Runtime Environment to continue.
# Native memory allocation (mmap) failed to map 260046848 bytes for Failed to commit area from 0x0000000709400000 to 0x0000000718c00000 of length 260046848.
# Possible reasons:
#   The system is out of physical RAM or swap space
#   The process is running with CompressedOops enabled, and the Java Heap may be blocking the growth of the native heap
# Possible solutions:
#   Reduce memory load on the system
#   Increase physical memory or swap space
#   Check if swap backing store is full
#   Decrease Java heap size (-Xmx/-Xms)
#   Decrease number of Java threads
#   Decrease Java thread stack sizes (-Xss)
#   Set larger code cache with -XX:ReservedCodeCacheSize=
# This output file may be truncated or incomplete.
#
#  Out of Memory Error (./src/hotspot/os/windows/os_windows.cpp:3311), pid=16076, tid=17056
#
# JRE version:  (11.0.12+7) (build )
# Java VM: OpenJDK 64-Bit Server VM (11.0.12+7, mixed mode, sharing, tiered, compressed oops, g1 gc, windows-amd64)
# No core dump will be written. Minidumps are not enabled by default on client versions of Windows
#

---------------  S U M M A R Y ------------

Command Line: -javaagent:C:\Program Files\JetBrains\IntelliJ IDEA 2021.2.1\lib\idea_rt.jar=36305:C:\Program Files\JetBrains\IntelliJ IDEA 2021.2.1\bin -Dfile.encoding=UTF-8 com.example.servletdemo.DatabaseTest

Host: AMD Ryzen 5 4600H with Radeon Graphics         , 12 cores, 15G,  Windows 10 , 64 bit Build 19041 (10.0.19041.1466)
Time: Mon Mar 21 11:02:02 2022 China Standard Time elapsed time: 0.010005 seconds (0d 0h 0m 0s)

---------------  T H R E A D  ---------------

Current thread (0x000001ea0ec0c800):  JavaThread "Unknown thread" [_thread_in_vm, id=17056, stack(0x0000002b6de00000,0x0000002b6df00000)]

Stack: [0x0000002b6de00000,0x0000002b6df00000]
Native frames: (J=compiled Java code, j=interpreted, Vv=VM code, C=native code)
V  [jvm.dll+0x601d0a]
V  [jvm.dll+0x78ab6e]
V  [jvm.dll+0x78c23f]
V  [jvm.dll+0x78c903]
V  [jvm.dll+0x24be68]
V  [jvm.dll+0x5feeaa]
V  [jvm.dll+0x5f3965]
V  [jvm.dll+0x303b0c]
V  [jvm.dll+0x303992]
V  [jvm.dll+0x3086b6]
V  [jvm.dll+0x34d57f]
V  [jvm.dll+0x34cfb0]
V  [jvm.dll+0x2e0c18]
V  [jvm.dll+0x2e1d76]
V  [jvm.dll+0x765ef7]
V  [jvm.dll+0x76767f]
V  [jvm.dll+0x35a309]
V  [jvm.dll+0x748f80]
V  [jvm.dll+0x3c1f3f]
V  [jvm.dll+0x3c4411]
C  [jli.dll+0x5207]
C  [ucrtbase.dll+0x21bb2]
C  [KERNEL32.DLL+0x17034]
C  [ntdll.dll+0x52651]


---------------  P R O C E S S  ---------------

Threads class SMR info:
_java_thread_list=0x000001ea0e962900, length=0, elements={
}

Java Threads: ( => current thread )

Other Threads:
  0x000001ea0ec26800 GCTaskThread "GC Thread#0" [stack: 0x0000002b6df00000,0x0000002b6e000000] [id=5336]
  0x000001ea0ec81000 ConcurrentGCThread "G1 Main Marker" [stack: 0x0000002b6e000000,0x0000002b6e100000] [id=9980]
  0x000001ea0ec82800 ConcurrentGCThread "G1 Conc#0" [stack: 0x0000002b6e100000,0x0000002b6e200000] [id=17772]

[error occurred during error reporting (printing all threads), id 0xc0000005, EXCEPTION_ACCESS_VIOLATION (0xc0000005) at pc=0x00007ffa936602e7]

VM state:not at safepoint (not fully initialized)

VM Mutex/Monitor currently owned by a thread:  ([mutex/lock_event])
[0x000001ea0ec08590] Heap_lock - owner thread: 0x000001ea0ec0c800

Heap address: 0x0000000709400000, size: 3948 MB, Compressed Oops mode: Non-zero based: 0x0000000709400000
Narrow klass base: 0x0000000000000000, Narrow klass shift: 0

GC Heap History (0 events):
No events

Deoptimization events (0 events):
No events

Classes redefined (0 events):
No events

Internal exceptions (0 events):
No events

Events (1 events):
Event: 0.007 Loaded shared library C:\Program Files\Eclipse Foundation\jdk-11.0.12.7-hotspot\bin\zip.dll


Dynamic libraries:
0x00007ff655ea0000 - 0x00007ff655ead000 	C:\Program Files\Eclipse Foundation\jdk-11.0.12.7-hotspot\bin\java.exe
0x00007ffacd010000 - 0x00007ffacd205000 	C:\Windows\SYSTEM32\ntdll.dll
0x00007ffaccde0000 - 0x00007ffacce9e000 	C:\Windows\System32\KERNEL32.DLL
0x00007ffaca800000 - 0x00007ffacaac8000 	C:\Windows\System32\KERNELBASE.dll
0x00007ffacae90000 - 0x00007ffacaf90000 	C:\Windows\System32\ucrtbase.dll
0x00007ffaba710000 - 0x00007ffaba727000 	C:\Program Files\Eclipse Foundation\jdk-11.0.12.7-hotspot\bin\jli.dll
0x00007ffaba730000 - 0x00007ffaba745000 	C:\Program Files\Eclipse Foundation\jdk-11.0.12.7-hotspot\bin\VCRUNTIME140.dll
0x00007ffacc200000 - 0x00007ffacc3a1000 	C:\Windows\System32\USER32.dll
0x00007ffacaf90000 - 0x00007ffacafb2000 	C:\Windows\System32\win32u.dll
0x00007ffab6c90000 - 0x00007ffab6f2a000 	C:\Windows\WinSxS\amd64_microsoft.windows.common-controls_6595b64144ccf1df_6.0.19041.1110_none_60b5254171f9507e\COMCTL32.dll
0x00007ffacc3c0000 - 0x00007ffacc3eb000 	C:\Windows\System32\GDI32.dll
0x00007ffacb230000 - 0x00007ffacb2ce000 	C:\Windows\System32\msvcrt.dll
0x00007ffacabd0000 - 0x00007ffacacdd000 	C:\Windows\System32\gdi32full.dll
0x00007ffacaad0000 - 0x00007ffacab6d000 	C:\Windows\System32\msvcp_win.dll
0x00007ffacc9c0000 - 0x00007ffacc9f0000 	C:\Windows\System32\IMM32.DLL
0x00007ffaa5a20000 - 0x00007ffaa5abb000 	C:\Program Files\Eclipse Foundation\jdk-11.0.12.7-hotspot\bin\msvcp140.dll
0x00007ffa93370000 - 0x00007ffa93ec9000 	C:\Program Files\Eclipse Foundation\jdk-11.0.12.7-hotspot\bin\server\jvm.dll
0x00007ffacc630000 - 0x00007ffacc6de000 	C:\Windows\System32\ADVAPI32.dll
0x00007ffacb130000 - 0x00007ffacb1cc000 	C:\Windows\System32\sechost.dll
0x00007ffacc450000 - 0x00007ffacc575000 	C:\Windows\System32\RPCRT4.dll
0x00007ffaccea0000 - 0x00007ffaccea8000 	C:\Windows\System32\PSAPI.DLL
0x00007ffac0d50000 - 0x00007ffac0d5a000 	C:\Windows\SYSTEM32\VERSION.dll
0x00007ffab3570000 - 0x00007ffab3579000 	C:\Windows\SYSTEM32\WSOCK32.dll
0x00007ffabe400000 - 0x00007ffabe427000 	C:\Windows\SYSTEM32\WINMM.dll
0x00007ffacc6e0000 - 0x00007ffacc74b000 	C:\Windows\System32\WS2_32.dll
0x00007ffac8fd0000 - 0x00007ffac8fe2000 	C:\Windows\SYSTEM32\kernel.appcore.dll
0x00007ffac4400000 - 0x00007ffac4410000 	C:\Program Files\Eclipse Foundation\jdk-11.0.12.7-hotspot\bin\verify.dll
0x00007ffac85e0000 - 0x00007ffac87c4000 	C:\Windows\SYSTEM32\DBGHELP.DLL
0x00007ffab8a20000 - 0x00007ffab8a4c000 	C:\Windows\SYSTEM32\dbgcore.DLL
0x00007ffacafc0000 - 0x00007ffacb042000 	C:\Windows\System32\bcryptPrimitives.dll
0x00007ffaaed60000 - 0x00007ffaaed88000 	C:\Program Files\Eclipse Foundation\jdk-11.0.12.7-hotspot\bin\java.dll
0x00007ffac42e0000 - 0x00007ffac42ea000 	C:\Program Files\Eclipse Foundation\jdk-11.0.12.7-hotspot\bin\jimage.dll
0x00007ffaba700000 - 0x00007ffaba70e000 	C:\Program Files\Eclipse Foundation\jdk-11.0.12.7-hotspot\bin\instrument.dll
0x00007ffa9f510000 - 0x00007ffa9f527000 	C:\Program Files\Eclipse Foundation\jdk-11.0.12.7-hotspot\bin\zip.dll

dbghelp: loaded successfully - version: 4.0.5 - missing functions: none
symbol engine: initialized successfully - sym options: 0x614 - pdb path: .;C:\Program Files\Eclipse Foundation\jdk-11.0.12.7-hotspot\bin;C:\Windows\SYSTEM32;C:\Windows\WinSxS\amd64_microsoft.windows.common-controls_6595b64144ccf1df_6.0.19041.1110_none_60b5254171f9507e;C:\Program Files\Eclipse Foundation\jdk-11.0.12.7-hotspot\bin\server

VM Arguments:
jvm_args: -javaagent:C:\Program Files\JetBrains\IntelliJ IDEA 2021.2.1\lib\idea_rt.jar=36305:C:\Program Files\JetBrains\IntelliJ IDEA 2021.2.1\bin -Dfile.encoding=UTF-8 
java_command: com.example.servletdemo.DatabaseTest
java_class_path (initial): C:\Users\zgy\projects\servlet-demo\target\classes;C:\Users\zgy\.m2\repository\org\apache\derby\derby\10.14.1.0\derby-10.14.1.0.jar
Launcher Type: SUN_STANDARD

[Global flags]
     intx CICompilerCount                          = 4                                         {product} {ergonomic}
     uint ConcGCThreads                            = 3                                         {product} {ergonomic}
     uint G1ConcRefinementThreads                  = 10                                        {product} {ergonomic}
   size_t G1HeapRegionSize                         = 1048576                                   {product} {ergonomic}
    uintx GCDrainStackTargetSize                   = 64                                        {product} {ergonomic}
   size_t InitialHeapSize                          = 260046848                                 {product} {ergonomic}
   size_t MarkStackSize                            = 4194304                                   {product} {ergonomic}
   size_t MaxHeapSize                              = 4139778048                                {product} {ergonomic}
   size_t MinHeapDeltaBytes                        = 1048576                                   {product} {ergonomic}
    uintx NonNMethodCodeHeapSize                   = 5836300                                {pd product} {ergonomic}
    uintx NonProfiledCodeHeapSize                  = 122910970                              {pd product} {ergonomic}
    uintx ProfiledCodeHeapSize                     = 122910970                              {pd product} {ergonomic}
    uintx ReservedCodeCacheSize                    = 251658240                              {pd product} {ergonomic}
     bool SegmentedCodeCache                       = true                                      {product} {ergonomic}
     bool UseCompressedClassPointers               = true                                 {lp64_product} {ergonomic}
     bool UseCompressedOops                        = true                                 {lp64_product} {ergonomic}
     bool UseG1GC                                  = true                                      {product} {ergonomic}
     bool UseLargePagesIndividualAllocation        = false                                  {pd product} {ergonomic}

Logging:
Log output configuration:
 #0: stdout all=warning uptime,level,tags
 #1: stderr all=off uptime,level,tags

Environment Variables:
JAVA_HOME=C:\Program Files\Java\jre1.8.0_311
PATH=C:\Program Files\Common Files\Oracle\Java\javapath;C:\Program Files\Eclipse Foundation\jdk-11.0.12.7-hotspot\bin;C:\Program Files (x86)\Common Files\Oracle\Java\javapath;C:\Program Files (x86)\Common Files\Intel\Shared Libraries\redist\intel64\compiler;C:\Windows\system32;C:\Windows;C:\Windows\System32\Wbem;C:\Windows\System32\WindowsPowerShell\v1.0\;C:\Windows\System32\OpenSSH\;C:\Program Files\dotnet\;C:\Program Files (x86)\dotnet\;C:\TDM-GCC-64\bin;C:\adb;C:\Windows\unix-commands;C:\Windows\curl-7.64.0-win64-mingw\bin;C:\Program Files\Java\jre1.8.0_301\bin;C:\Program Files (x86)\Microsoft Visual Studio\2019\BuildTools\VC\Tools\MSVC\14.29.30133\bin;C:\Program Files\Git\cmd;C:\Program Files\qemu;C:\Program Files\NASM;C:\Program Files\Redis\;C:\Program Files\nodejs\;C:\Program Files\nodejs\node_global;C:\Program Files (x86)\Tencent\微信web开发者工具\dll;C:\Program Files\erl-24.2.2\bin;C:\Users\zgy\AppData\Local\Programs\Python\Python39\Scripts\;C:\Users\zgy\AppData\Local\Programs\Python\Python39\;C:\Users\zgy\AppData\Local\Microsoft\WindowsApps;C:\Users\zgy\AppData\Local\Programs\Microsoft VS Code\bin;C:\Users\zgy\AppData\Local\BypassRuntm;C:\Program Files\JetBrains\IntelliJ IDEA Community Edition 2020.3.2\bin;;C:\Program Files (x86)\mitmproxy\bin;C:\Users\zgy\AppData\Local\Programs\Fiddler;C:\Users\zgy\AppData\Roaming\npm
USERNAME=zgy
OS=Windows_NT
PROCESSOR_IDENTIFIER=AMD64 Family 23 Model 96 Stepping 1, AuthenticAMD



---------------  S Y S T E M  ---------------

OS: Windows 10 , 64 bit Build 19041 (10.0.19041.1466)
OS uptime: 0 days 22:20 hours

CPU:total 12 (initial active 12) (12 cores per cpu, 2 threads per core) family 23 model 96 stepping 1 microcode 0x0, cmov, cx8, fxsr, mmx, sse, sse2, sse3, ssse3, sse4.1, sse4.2, popcnt, avx, avx2, aes, clmul, mmxext, 3dnowpref, lzcnt, sse4a, ht, tsc, tscinvbit, tscinv, bmi1, bmi2, adx, sha, fma

Memory: 4k page, system-wide physical 15790M (2606M free)
TotalPageFile size 15790M (AvailPageFile size 178M)
current process WorkingSet (physical memory assigned to process): 10M, peak: 10M
current process commit charge ("private bytes"): 64M, peak: 312M

vm_info: OpenJDK 64-Bit Server VM (11.0.12+7) for windows-amd64 JRE (11.0.12+7), built on Jul 21 2021 16:23:49 by "" with unknown MS VC++:1916

END.
